C51 COMPILER V8.12   GTIMER                                                                10/02/2017 10:08:38 PAGE 1   


C51 COMPILER V8.12, COMPILATION OF MODULE GTIMER
OBJECT MODULE PLACED IN .\GTimer.obj
COMPILER INVOKED BY: C:\Keil\C51\BIN\C51.EXE ..\..\lib\GTimer.c BROWSE INCDIR(..\..\lib) DEBUG OBJECTEXTEND PRINT(.\GTim
                    -er.lst) OBJECT(.\GTimer.obj)

line level    source

   1          //===============================================
   2          #include "GTimer.h"
   3          //===============================================
   4          #define PRELOAD (65536 - ((OSC_FREQ * 1) / (OSC_PER_INST * 1000))) // ms
   5          #define PRELOADH (PRELOAD / 256)
   6          #define PRELOADL (PRELOAD % 256)
   7          //===============================================
   8          void GTimer_T0_Init();
   9          void GTimer_T1_Init();
  10          //===============================================
  11          void GTimer_T0_Init() {
  12   1          TMOD &= 0xF0;
  13   1          TMOD |= 0x01;
  14   1          ET0 = 0;
  15   1      }
  16          //===============================================
  17          void GTimer_T1_Init() {
  18   1          TMOD &= 0x0F;
  19   1          TMOD |= 0x10;
  20   1          ET1 = 0;
  21   1      }
  22          //===============================================
  23          void GTimer_T0_ms(uint ms) {
  24   1          uint i;
  25   1          
  26   1          GTimer_T0_Init();
  27   1          
  28   1          for(i = 0; i < ms; i++) {
  29   2              TH0 = PRELOADH;
  30   2              TL0 = PRELOADL;
  31   2              TF0 = 0; 
  32   2              TR0 = 1; 
  33   2              while (TF0 == 0);
  34   2              TR0 = 0;    
  35   2          }
  36   1      }
  37          //===============================================
  38          void GTimer_T1_ms(uint ms) {
  39   1          uint i;
  40   1          
  41   1          GTimer_T1_Init();
  42   1          
  43   1          for(i = 0; i < ms; i++) {
  44   2              TH1 = PRELOADH;
  45   2              TL1 = PRELOADL;
  46   2              TF1 = 0; 
  47   2              TR1 = 1; 
  48   2              while (TF1 == 0);
  49   2              TR1 = 0;    
  50   2          }
  51   1      }
  52          //===============================================


C51 COMPILER V8.12   GTIMER                                                                10/02/2017 10:08:38 PAGE 2   

MODULE INFORMATION:   STATIC OVERLAYABLE
   CODE SIZE        =     90    ----
   CONSTANT SIZE    =   ----    ----
   XDATA SIZE       =   ----    ----
   PDATA SIZE       =   ----    ----
   DATA SIZE        =   ----    ----
   IDATA SIZE       =   ----    ----
   BIT SIZE         =   ----    ----
END OF MODULE INFORMATION.


C51 COMPILATION COMPLETE.  0 WARNING(S),  0 ERROR(S)
