C51 COMPILER V8.12   GDELAY                                                                10/02/2017 15:55:24 PAGE 1   


C51 COMPILER V8.12, COMPILATION OF MODULE GDELAY
OBJECT MODULE PLACED IN .\GDelay.obj
COMPILER INVOKED BY: C:\Keil\C51\BIN\C51.EXE ..\..\lib\GDelay.c BROWSE INCDIR(..\..\lib) DEBUG OBJECTEXTEND PRINT(.\GDel
                    -ay.lst) OBJECT(.\GDelay.obj)

line level    source

   1          //===============================================
   2          #include "GDelay.h"
   3          //===============================================
   4          #define G_MS 127
   5          //===============================================
   6          void GDelay_ms(uint ms) {
   7   1          uint i, j;
   8   1          for(i = 0; i < ms; i++) {
   9   2              for(j = 0; j < G_MS; j++);
  10   2          }
  11   1      }
  12          //===============================================


MODULE INFORMATION:   STATIC OVERLAYABLE
   CODE SIZE        =     32    ----
   CONSTANT SIZE    =   ----    ----
   XDATA SIZE       =   ----    ----
   PDATA SIZE       =   ----    ----
   DATA SIZE        =   ----    ----
   IDATA SIZE       =   ----    ----
   BIT SIZE         =   ----    ----
END OF MODULE INFORMATION.


C51 COMPILATION COMPLETE.  0 WARNING(S),  0 ERROR(S)
