C51 COMPILER V8.12   MAIN                                                                  10/02/2017 15:55:23 PAGE 1   


C51 COMPILER V8.12, COMPILATION OF MODULE MAIN
OBJECT MODULE PLACED IN .\main.obj
COMPILER INVOKED BY: C:\Keil\C51\BIN\C51.EXE ..\src\main.c BROWSE INCDIR(..\..\lib) DEBUG OBJECTEXTEND PRINT(.\main.lst)
                    - OBJECT(.\main.obj)

line level    source

   1          //===============================================
   2          #include "GLed.h"
   3          #include "GButton.h"
   4          #include "GDelay.h"
   5          //===============================================
   6          void main() {
   7   1          GLed_Init();
   8   1              GButton_Init();
   9   1      
  10   1              while(1) {
  11   2                      GButton_Scan();
  12   2                      GButton_Update();
  13   2                      GLed_Left_Right();
  14   2                      GDelay_ms(10);
  15   2              }
  16   1      }
  17          //===============================================


MODULE INFORMATION:   STATIC OVERLAYABLE
   CODE SIZE        =     24    ----
   CONSTANT SIZE    =   ----    ----
   XDATA SIZE       =   ----    ----
   PDATA SIZE       =   ----    ----
   DATA SIZE        =   ----    ----
   IDATA SIZE       =   ----    ----
   BIT SIZE         =   ----    ----
END OF MODULE INFORMATION.


C51 COMPILATION COMPLETE.  0 WARNING(S),  0 ERROR(S)
