C51 COMPILER V8.12   GLED                                                                  10/02/2017 09:19:42 PAGE 1   


C51 COMPILER V8.12, COMPILATION OF MODULE GLED
OBJECT MODULE PLACED IN .\GLed.obj
COMPILER INVOKED BY: C:\Keil\C51\BIN\C51.EXE ..\..\lib\GLed.c BROWSE INCDIR(..\..\lib) DEBUG OBJECTEXTEND PRINT(.\GLed.l
                    -st) OBJECT(.\GLed.obj)

line level    source

   1          //===============================================
   2          #include "GLed.h"
   3          #include "GPortDef.h"
   4          //===============================================
   5          static bit gLed_Flash;
   6          //===============================================
   7          void GLed_Init() {
   8   1          gLed_Flash = LED_OFF;
   9   1      }
  10          //===============================================
  11          void GLed_Flash() {
  12   1          if(gLed_Flash == LED_OFF) {
  13   2              LED0 = LED_ON;
  14   2              gLed_Flash = LED_ON;
  15   2          }
  16   1          else if(gLed_Flash == LED_ON) {
  17   2              LED0 = LED_OFF;
  18   2              gLed_Flash = LED_OFF;
  19   2          }
  20   1      }
  21          //===============================================


MODULE INFORMATION:   STATIC OVERLAYABLE
   CODE SIZE        =     19    ----
   CONSTANT SIZE    =   ----    ----
   XDATA SIZE       =   ----    ----
   PDATA SIZE       =   ----    ----
   DATA SIZE        =   ----    ----
   IDATA SIZE       =   ----    ----
   BIT SIZE         =      1    ----
END OF MODULE INFORMATION.


C51 COMPILATION COMPLETE.  0 WARNING(S),  0 ERROR(S)
