C51 COMPILER V8.12   GPORT                                                                 10/02/2017 19:19:28 PAGE 1   


C51 COMPILER V8.12, COMPILATION OF MODULE GPORT
OBJECT MODULE PLACED IN .\GPort.obj
COMPILER INVOKED BY: C:\Keil\C51\BIN\C51.EXE ..\..\lib\GPort.c BROWSE INCDIR(..\..\lib) DEBUG OBJECTEXTEND PRINT(.\GPort
                    -.lst) OBJECT(.\GPort.obj)

line level    source

   1          //===============================================
   2          #include "GPort.h"
   3          #include "GPortDef.h"
   4          //===============================================
   5          void GPort_Init() {
   6   1          INPUT = 0xFF;
   7   1          OUTPUT = 0x00;
   8   1      }
   9          //===============================================
  10          void GPort_Bit_Init() {
  11   1          GPort_Bit_Write(0, 1);
  12   1          GPort_Bit_Write(1, 1);
  13   1          GPort_Bit_Write(6, 0);
  14   1          GPort_Bit_Write(6, 0);
  15   1      }
  16          //===============================================
  17          void GPort_Write(const uchar d) {
  18   1          OUTPUT = d;
  19   1      }
  20          //===============================================
  21          void GPort_Bit_Write(const uchar pin, const bit d) {
  22   1          uchar m_pin = 0x01;
  23   1          
  24   1          m_pin <<= pin;
  25   1          
  26   1          if(d == TRUE) {
  27   2              PORT |= m_pin;
  28   2              return;
  29   2          }
  30   1          
  31   1          m_pin = ~m_pin;
  32   1          PORT &= m_pin;
  33   1      }
  34          //===============================================
  35          uchar GPort_Read() {
  36   1          INPUT = 0xFF;
  37   1          return INPUT;
  38   1      }
  39          //===============================================
  40          bit GPort_Bit_Read(const uchar pin) {
  41   1          uchar m_pin = 0x01;
  42   1          
  43   1          m_pin <<= pin;
  44   1          GPort_Bit_Write(pin, 1);
  45   1          return (PORT & m_pin); 
  46   1      }
  47          //===============================================


MODULE INFORMATION:   STATIC OVERLAYABLE
   CODE SIZE        =     94    ----
   CONSTANT SIZE    =   ----    ----
   XDATA SIZE       =   ----    ----
   PDATA SIZE       =   ----    ----
C51 COMPILER V8.12   GPORT                                                                 10/02/2017 19:19:28 PAGE 2   

   DATA SIZE        =   ----    ----
   IDATA SIZE       =   ----    ----
   BIT SIZE         =   ----       1
END OF MODULE INFORMATION.


C51 COMPILATION COMPLETE.  0 WARNING(S),  0 ERROR(S)
