C51 COMPILER V8.12   MAIN                                                                  10/02/2017 10:00:52 PAGE 1   


C51 COMPILER V8.12, COMPILATION OF MODULE MAIN
OBJECT MODULE PLACED IN .\main.obj
COMPILER INVOKED BY: C:\Keil\C51\BIN\C51.EXE ..\src\main.c BROWSE INCDIR(..\..\lib) DEBUG OBJECTEXTEND PRINT(.\main.lst)
                    - OBJECT(.\main.obj)

line level    source

   1          //===============================================
   2          #include "GLed.h"
   3          #include "GTimer.h"
   4          //===============================================
   5          void main() {
   6   1          GLed_Init();
   7   1      
   8   1              while(1) {
   9   2                      GLed_Flash();
  10   2                      GTimer_T0_ms(1000);
  11   2              }
  12   1      }
  13          //===============================================


MODULE INFORMATION:   STATIC OVERLAYABLE
   CODE SIZE        =     15    ----
   CONSTANT SIZE    =   ----    ----
   XDATA SIZE       =   ----    ----
   PDATA SIZE       =   ----    ----
   DATA SIZE        =   ----    ----
   IDATA SIZE       =   ----    ----
   BIT SIZE         =   ----    ----
END OF MODULE INFORMATION.


C51 COMPILATION COMPLETE.  0 WARNING(S),  0 ERROR(S)
